<?xml version="1.0" encoding="UTF-8"?>
<testng-results ignored="0" total="1" passed="1" failed="0" skipped="0">
  <reporter-output>
  </reporter-output>
  <suite started-at="2025-08-08T11:20:33 IST" name="Default suite" finished-at="2025-08-08T11:20:38 IST" duration-ms="5282">
    <groups>
    </groups>
    <test started-at="2025-08-08T11:20:33 IST" name="Default test" finished-at="2025-08-08T11:20:38 IST" duration-ms="5282">
      <class name="tushargarg.login">
        <test-method signature="goole()[pri:0, instance:tushargarg.login@4a883b15]" started-at="2025-08-08T11:20:33 IST" name="goole" finished-at="2025-08-08T11:20:38 IST" duration-ms="5207" status="PASS">
          <reporter-output>
          </reporter-output>
        </test-method> <!-- goole -->
      </class> <!-- tushargarg.login -->
    </test> <!-- Default test -->
  </suite> <!-- Default suite -->
</testng-results>
